::1 - - [16/Dec/2025 22:24:07] "GET /index.html HTTP/1.1" 304 -
::1 - - [16/Dec/2025 22:24:07] "GET /styles.css HTTP/1.1" 200 -
::1 - - [16/Dec/2025 22:24:07] "GET /app.js HTTP/1.1" 304 -
::1 - - [16/Dec/2025 22:24:33] "GET /assets/cards/major-05-catulo.jpg HTTP/1.1" 304 -
::1 - - [16/Dec/2025 22:24:33] "GET /assets/cards/cups-queen.jpg HTTP/1.1" 304 -
::1 - - [16/Dec/2025 22:24:33] "GET /assets/cards/major-01-panfilio.jpg HTTP/1.1" 304 -
::1 - - [16/Dec/2025 22:26:09] "GET /assets/cards/coins-05.jpg HTTP/1.1" 304 -
::1 - - [16/Dec/2025 22:26:09] "GET /assets/cards/coins-06.jpg HTTP/1.1" 304 -
::1 - - [16/Dec/2025 22:26:09] "GET /assets/cards/major-04-mario.jpg HTTP/1.1" 304 -
::1 - - [16/Dec/2025 22:29:34] "GET /assets/cards/coins-04.jpg HTTP/1.1" 304 -
::1 - - [16/Dec/2025 22:29:34] "GET /assets/cards/swords-knight.jpg HTTP/1.1" 304 -
::1 - - [16/Dec/2025 22:29:34] "GET /assets/cards/swords-09.jpg HTTP/1.1" 304 -
::1 - - [16/Dec/2025 22:29:42] "GET /index.html HTTP/1.1" 304 -
::1 - - [16/Dec/2025 22:29:42] "GET /styles.css HTTP/1.1" 304 -
::1 - - [16/Dec/2025 22:29:42] "GET /app.js HTTP/1.1" 304 -
::1 - - [16/Dec/2025 22:38:01] "GET /assets/cards/major-04-mario.jpg HTTP/1.1" 304 -
::1 - - [16/Dec/2025 22:38:01] "GET /assets/cards/major-09-falco.jpg HTTP/1.1" 304 -
::1 - - [16/Dec/2025 22:38:01] "GET /assets/cards/cups-01.jpg HTTP/1.1" 304 -
::1 - - [16/Dec/2025 22:40:55] "GET /index.html HTTP/1.1" 200 -
::1 - - [16/Dec/2025 22:40:55] "GET /styles.css HTTP/1.1" 304 -
::1 - - [16/Dec/2025 22:40:55] "GET /app.js HTTP/1.1" 304 -
::1 - - [16/Dec/2025 22:41:38] "GET /index.html HTTP/1.1" 304 -
::1 - - [16/Dec/2025 22:42:06] "GET /index.html HTTP/1.1" 304 -
::1 - - [16/Dec/2025 22:51:07] "GET /index.html HTTP/1.1" 304 -
::1 - - [16/Dec/2025 22:51:07] "GET /styles.css HTTP/1.1" 200 -
::1 - - [16/Dec/2025 22:51:07] "GET /app.js HTTP/1.1" 200 -
::1 - - [16/Dec/2025 22:51:09] "GET /index.html HTTP/1.1" 304 -
::1 - - [16/Dec/2025 22:51:10] "GET /index.html HTTP/1.1" 304 -
::1 - - [16/Dec/2025 22:51:11] "GET /index.html HTTP/1.1" 304 -
::1 - - [16/Dec/2025 22:51:11] "GET /index.html HTTP/1.1" 304 -
::1 - - [16/Dec/2025 22:51:26] "GET /assets/cards/cups-08.jpg HTTP/1.1" 304 -
::1 - - [16/Dec/2025 22:51:26] "GET /assets/cards/cups-10.jpg HTTP/1.1" 304 -
::1 - - [16/Dec/2025 22:51:26] "GET /assets/cards/cups-03.jpg HTTP/1.1" 304 -
::1 - - [16/Dec/2025 22:51:41] "GET /assets/cards/major-13-catone.jpg HTTP/1.1" 304 -
::1 - - [16/Dec/2025 22:51:41] "GET /assets/cards/swords-06.jpg HTTP/1.1" 304 -
::1 - - [16/Dec/2025 22:51:41] "GET /assets/cards/swords-03.jpg HTTP/1.1" 304 -
::1 - - [16/Dec/2025 22:52:03] code 404, message File not found
::1 - - [16/Dec/2025 22:52:03] "GET /.well-known/appspecific/com.chrome.devtools.json HTTP/1.1" 404 -
::1 - - [16/Dec/2025 22:52:20] "GET /assets/cards/batons-09.jpg HTTP/1.1" 304 -
::1 - - [16/Dec/2025 22:52:20] "GET /assets/cards/major-16-olivo.jpg HTTP/1.1" 304 -
::1 - - [16/Dec/2025 22:52:20] "GET /assets/cards/swords-08.jpg HTTP/1.1" 304 -
::1 - - [16/Dec/2025 22:53:41] "GET /assets/cards/major-07-deotauro.jpg HTTP/1.1" 304 -
::1 - - [16/Dec/2025 23:11:44] "GET /assets/cards/major-04-mario.jpg HTTP/1.1" 304 -
::1 - - [16/Dec/2025 23:11:44] "GET /assets/cards/major-21-nabuchodenasor.jpg HTTP/1.1" 304 -
::1 - - [16/Dec/2025 23:11:44] "GET /assets/cards/batons-king.jpg HTTP/1.1" 304 -
